{"level":"error","message":"/api/v1/user/signup Validation error","timestamp":"2023-02-27T16:23:04.291Z"}
{"level":"error","message":"/api/v1/user/signup Validation error","timestamp":"2023-02-27T16:23:10.157Z"}
{"level":"error","message":"/api/v1/user/signup notNull Violation: usertbls.First_Name cannot be null,\nnotNull Violation: usertbls.Last_Name cannot be null,\nnotNull Violation: usertbls.Email cannot be null,\nnotNull Violation: usertbls.Password cannot be null","timestamp":"2023-08-05T13:33:52.452Z"}
{"level":"error","message":"/api/v1/user/signup notNull Violation: usertbls.First_Name cannot be null,\nnotNull Violation: usertbls.Last_Name cannot be null,\nnotNull Violation: usertbls.Email cannot be null,\nnotNull Violation: usertbls.Password cannot be null","timestamp":"2023-08-05T13:36:11.185Z"}
{"level":"error","message":"/api/v1/user/signup notNull Violation: usertbls.First_Name cannot be null,\nnotNull Violation: usertbls.Last_Name cannot be null,\nnotNull Violation: usertbls.Email cannot be null,\nnotNull Violation: usertbls.Password cannot be null","timestamp":"2023-08-05T13:36:15.122Z"}
{"level":"error","message":"/api/v1/user/signup WHERE parameter \"User_Id\" has invalid \"undefined\" value","timestamp":"2023-08-05T13:40:18.522Z"}
{"level":"error","message":"/api/v1/user/signup WHERE parameter \"User_Id\" has invalid \"undefined\" value","timestamp":"2023-08-05T13:40:45.505Z"}
{"level":"error","message":"/api/v1/user/signup WHERE parameter \"Email\" has invalid \"undefined\" value","timestamp":"2023-08-05T14:40:12.778Z"}
{"level":"error","message":"/api/v1/user/signup Cannot read properties of null (reading 'Email')","timestamp":"2023-08-05T14:43:45.881Z"}
{"level":"error","message":"/api/v1/user/signup Cannot read properties of null (reading 'Email')","timestamp":"2023-08-05T14:45:36.328Z"}
{"level":"error","message":"/api/v1/user/signup Cannot read properties of null (reading 'Email')","timestamp":"2023-08-05T15:47:09.576Z"}
{"level":"error","message":"/api/v1/user/signup Cannot read properties of null (reading 'Email')","timestamp":"2023-08-05T15:48:04.573Z"}
{"level":"error","message":"/api/v1/user/signup Cannot read properties of null (reading 'Email')","timestamp":"2023-08-05T15:49:47.495Z"}
{"level":"error","message":"/api/v1/user/signup Cannot read properties of null (reading 'Email')","timestamp":"2023-08-05T15:51:04.285Z"}
{"level":"error","message":"/api/v1/template1 Cannot access 'Template' before initialization","timestamp":"2023-08-06T16:27:57.759Z"}
{"level":"error","message":"/api/v1/template1 Cannot access 'Template' before initialization","timestamp":"2023-08-06T16:29:31.750Z"}
{"level":"error","message":"/api/v1/template1 Cannot access 'Template' before initialization","timestamp":"2023-08-06T16:33:37.522Z"}
{"level":"error","message":"/api/v1/template1 Cannot access 'Template' before initialization","timestamp":"2023-08-06T16:34:16.665Z"}
{"level":"error","message":"/api/v1/template1 Cannot access 'Template' before initialization","timestamp":"2023-08-06T16:34:53.193Z"}
{"level":"error","message":"/api/v1/template1 Cannot access 'Template' before initialization","timestamp":"2023-08-06T16:35:30.185Z"}
{"level":"error","message":"/api/v1/template1 Cannot access 'Template' before initialization","timestamp":"2023-08-06T16:35:48.319Z"}
{"level":"error","message":"/api/v1/template1 Cannot access 'Template' before initialization","timestamp":"2023-08-07T14:32:27.432Z"}
{"level":"error","message":"/api/v1/template1/1 Cannot access 'Template' before initialization","timestamp":"2023-08-07T17:35:01.733Z"}
{"level":"error","message":"/api/v1/template1/1 Cannot access 'Template' before initialization","timestamp":"2023-08-07T17:38:42.824Z"}
{"level":"error","message":"/api/v1/template1/1 Cannot access 'Template' before initialization","timestamp":"2023-08-07T17:38:45.460Z"}
{"level":"error","message":"/api/v1/template1/1 Cannot access 'Template' before initialization","timestamp":"2023-08-07T17:38:55.801Z"}
{"level":"error","message":"/api/v1/template1/1 Cannot access 'Template' before initialization","timestamp":"2023-08-07T17:38:58.379Z"}
{"level":"error","message":"/api/v1/template1/1 Cannot access 'Template' before initialization","timestamp":"2023-08-07T17:39:36.676Z"}
{"level":"error","message":"/api/v1/template1 Cannot add or update a child row: a foreign key constraint fails (`invitation_db`.`template1s`, CONSTRAINT `template1s_ibfk_1` FOREIGN KEY (`usertblUserID`) REFERENCES `usertbls` (`User_ID`) ON DELETE SET NULL ON UPDATE CASCADE)","timestamp":"2023-08-07T18:26:24.928Z"}
{"level":"error","message":"/api/v1/template1/1 Unknown column 'text13' in 'field list'","timestamp":"2023-08-07T19:29:47.521Z"}
{"level":"error","message":"/api/v1/template1/1 Unknown column 'text13' in 'field list'","timestamp":"2023-08-07T19:30:18.209Z"}
{"level":"error","message":"/api/v1/template1/1 Unknown column 'text13' in 'field list'","timestamp":"2023-08-07T19:30:18.434Z"}
{"level":"error","message":"/api/v1/template1/1 Unknown column 'text13' in 'field list'","timestamp":"2023-08-07T19:31:12.636Z"}
{"level":"error","message":"/api/v1/template1/1 Unknown column 'text13' in 'field list'","timestamp":"2023-08-07T19:31:12.890Z"}
{"level":"error","message":"/api/v1/template1/1 Unknown column 'text13' in 'field list'","timestamp":"2023-08-07T19:34:27.658Z"}
{"level":"error","message":"/api/v1/template1/1 Unknown column 'text13' in 'field list'","timestamp":"2023-08-07T19:34:27.889Z"}
{"level":"error","message":"/api/v1/template1/1 Unknown column 'text13' in 'field list'","timestamp":"2023-08-07T19:34:28.118Z"}
{"level":"error","message":"/api/v1/template1/1 Unknown column 'text13' in 'field list'","timestamp":"2023-08-07T19:34:28.358Z"}
{"level":"error","message":"/api/v1/template1/1 Unknown column 'text13' in 'field list'","timestamp":"2023-08-07T19:34:37.824Z"}
{"level":"error","message":"/api/v1/template1/1 Unknown column 'text13' in 'field list'","timestamp":"2023-08-07T19:34:38.051Z"}
{"level":"error","message":"/api/v1/template1/undefined Unknown column 'text13' in 'field list'","timestamp":"2023-08-07T19:34:47.472Z"}
{"level":"error","message":"/api/v1/template1/undefined Unknown column 'text13' in 'field list'","timestamp":"2023-08-07T19:34:47.888Z"}
{"level":"error","message":"/api/v1/template1/1 Unknown column 'text13' in 'field list'","timestamp":"2023-08-07T19:35:37.501Z"}
{"level":"error","message":"/api/v1/template1/1 Unknown column 'text13' in 'field list'","timestamp":"2023-08-07T19:35:37.727Z"}
{"level":"error","message":"/api/v1/template1/undefined Unknown column 'text13' in 'field list'","timestamp":"2023-08-07T19:35:39.677Z"}
{"level":"error","message":"/api/v1/template1/undefined Unknown column 'text13' in 'field list'","timestamp":"2023-08-07T19:35:39.897Z"}
{"level":"error","message":"/api/v1/template1/1 Unknown column 'text13' in 'field list'","timestamp":"2023-08-07T19:36:42.902Z"}
{"level":"error","message":"/api/v1/template1/undefined Unknown column 'text13' in 'field list'","timestamp":"2023-08-07T19:36:43.117Z"}
{"level":"error","message":"/api/v1/template1/1 Unknown column 'text13' in 'field list'","timestamp":"2023-08-07T19:36:43.641Z"}
{"level":"error","message":"/api/v1/template1/undefined Unknown column 'text13' in 'field list'","timestamp":"2023-08-07T19:36:43.866Z"}
{"level":"error","message":"/api/v1/template1/1 Unknown column 'text13' in 'field list'","timestamp":"2023-08-07T19:36:57.396Z"}
{"level":"error","message":"/api/v1/template1/1 Unknown column 'text13' in 'field list'","timestamp":"2023-08-07T19:36:57.623Z"}
{"level":"error","message":"/api/v1/template1/undefined Unknown column 'text13' in 'field list'","timestamp":"2023-08-07T19:36:58.044Z"}
{"level":"error","message":"/api/v1/template1/undefined Unknown column 'text13' in 'field list'","timestamp":"2023-08-07T19:36:58.263Z"}
{"level":"error","message":"/api/v1/template1/1 Unknown column 'text13' in 'field list'","timestamp":"2023-08-07T19:37:00.611Z"}
{"level":"error","message":"/api/v1/template1/1 Unknown column 'text13' in 'field list'","timestamp":"2023-08-07T19:37:00.848Z"}
{"level":"error","message":"/api/v1/template1/undefined Unknown column 'text13' in 'field list'","timestamp":"2023-08-07T19:37:04.930Z"}
{"level":"error","message":"/api/v1/template1/undefined Unknown column 'text13' in 'field list'","timestamp":"2023-08-07T19:37:04.932Z"}
{"level":"error","message":"/api/v1/template1/1 Unknown column 'text13' in 'field list'","timestamp":"2023-08-07T19:37:56.474Z"}
{"level":"error","message":"/api/v1/template1/1 Unknown column 'text13' in 'field list'","timestamp":"2023-08-07T19:37:56.695Z"}
{"level":"error","message":"/api/v1/template1/1 Unknown column 'text13' in 'field list'","timestamp":"2023-08-07T19:38:07.139Z"}
{"level":"error","message":"/api/v1/template1/1 Unknown column 'text13' in 'field list'","timestamp":"2023-08-07T19:38:07.359Z"}
{"level":"error","message":"/api/v1/template1/1 Unknown column 'text13' in 'field list'","timestamp":"2023-08-07T19:39:03.325Z"}
{"level":"error","message":"/api/v1/template1/undefined Unknown column 'text13' in 'field list'","timestamp":"2023-08-07T19:39:03.522Z"}
{"level":"error","message":"/api/v1/template1/undefined Unknown column 'text13' in 'field list'","timestamp":"2023-08-07T19:39:03.538Z"}
{"level":"error","message":"/api/v1/template1/1 Unknown column 'text13' in 'field list'","timestamp":"2023-08-07T19:39:03.742Z"}
{"level":"error","message":"/api/v1/template1/1 Unknown column 'text13' in 'field list'","timestamp":"2023-08-07T19:39:06.484Z"}
{"level":"error","message":"/api/v1/template1/1 Unknown column 'text13' in 'field list'","timestamp":"2023-08-07T19:39:06.710Z"}
{"level":"error","message":"/api/v1/template1/1 Unknown column 'text13' in 'field list'","timestamp":"2023-08-07T19:39:30.550Z"}
{"level":"error","message":"/api/v1/template1/1 Unknown column 'text13' in 'field list'","timestamp":"2023-08-07T19:39:30.773Z"}
{"level":"error","message":"/api/v1/template1/1 Unknown column 'text13' in 'field list'","timestamp":"2023-08-07T19:39:30.998Z"}
{"level":"error","message":"/api/v1/template1/1 Unknown column 'text13' in 'field list'","timestamp":"2023-08-07T19:39:31.227Z"}
{"level":"error","message":"/api/v1/template1/undefined Unknown column 'text13' in 'field list'","timestamp":"2023-08-07T19:39:31.462Z"}
{"level":"error","message":"/api/v1/template1/undefined Unknown column 'text13' in 'field list'","timestamp":"2023-08-07T19:39:31.677Z"}
{"level":"error","message":"/api/v1/template1/1 Unknown column 'text13' in 'field list'","timestamp":"2023-08-07T19:39:54.437Z"}
{"level":"error","message":"/api/v1/template1/1 Unknown column 'text13' in 'field list'","timestamp":"2023-08-07T19:39:54.680Z"}
{"level":"error","message":"/api/v1/template1/undefined Unknown column 'text13' in 'field list'","timestamp":"2023-08-07T19:39:55.222Z"}
{"level":"error","message":"/api/v1/template1/undefined Unknown column 'text13' in 'field list'","timestamp":"2023-08-07T19:39:55.448Z"}
{"level":"error","message":"/api/v1/template1/1 Unknown column 'text13' in 'field list'","timestamp":"2023-08-07T19:40:05.375Z"}
{"level":"error","message":"/api/v1/template1/1 Unknown column 'text13' in 'field list'","timestamp":"2023-08-07T19:40:05.597Z"}
{"level":"error","message":"/api/v1/template1/1 Unknown column 'text13' in 'field list'","timestamp":"2023-08-07T19:40:55.684Z"}
{"level":"error","message":"/api/v1/template1/1 Unknown column 'text13' in 'field list'","timestamp":"2023-08-07T19:40:55.928Z"}
{"level":"error","message":"/api/v1/template1/undefined Unknown column 'text13' in 'field list'","timestamp":"2023-08-07T19:40:56.687Z"}
{"level":"error","message":"/api/v1/template1/undefined Unknown column 'text13' in 'field list'","timestamp":"2023-08-07T19:40:56.903Z"}
{"level":"error","message":"/api/v1/template1/1 Unknown column 'text13' in 'field list'","timestamp":"2023-08-07T19:40:59.596Z"}
{"level":"error","message":"/api/v1/template1/1 Unknown column 'text13' in 'field list'","timestamp":"2023-08-07T19:40:59.842Z"}
{"level":"error","message":"/api/v1/template1/1 Unknown column 'text13' in 'field list'","timestamp":"2023-08-07T19:41:05.495Z"}
{"level":"error","message":"/api/v1/template1/1 Unknown column 'text13' in 'field list'","timestamp":"2023-08-07T19:41:06.300Z"}
{"level":"error","message":"/api/v1/template1/1 Unknown column 'text13' in 'field list'","timestamp":"2023-08-07T19:41:06.548Z"}
{"level":"error","message":"/api/v1/template1/undefined Unknown column 'text13' in 'field list'","timestamp":"2023-08-07T19:41:06.665Z"}
{"level":"error","message":"/api/v1/template1/1 Unknown column 'text13' in 'field list'","timestamp":"2023-08-07T19:41:06.896Z"}
{"level":"error","message":"/api/v1/template1/undefined Unknown column 'text13' in 'field list'","timestamp":"2023-08-07T19:41:07.333Z"}
{"level":"error","message":"/api/v1/template1/undefined Unknown column 'text13' in 'field list'","timestamp":"2023-08-07T19:41:09.561Z"}
{"level":"error","message":"/api/v1/template1/undefined Unknown column 'text13' in 'field list'","timestamp":"2023-08-07T19:41:09.562Z"}
{"level":"error","message":"/api/v1/template1/undefined Unknown column 'text13' in 'field list'","timestamp":"2023-08-07T19:41:17.082Z"}
{"level":"error","message":"/api/v1/template1/undefined Unknown column 'text13' in 'field list'","timestamp":"2023-08-07T19:41:17.084Z"}
{"level":"error","message":"/api/v1/template1/1 Unknown column 'text13' in 'field list'","timestamp":"2023-08-07T19:41:27.357Z"}
{"level":"error","message":"/api/v1/template1/1 Unknown column 'text13' in 'field list'","timestamp":"2023-08-07T19:41:27.587Z"}
{"level":"error","message":"/api/v1/template1/1 Unknown column 'text13' in 'field list'","timestamp":"2023-08-07T19:41:51.450Z"}
{"level":"error","message":"/api/v1/template1/1 Unknown column 'text13' in 'field list'","timestamp":"2023-08-07T19:41:51.683Z"}
{"level":"error","message":"/api/v1/template1/1 Unknown column 'text13' in 'field list'","timestamp":"2023-08-07T19:41:56.551Z"}
{"level":"error","message":"/api/v1/template1/1 Unknown column 'text13' in 'field list'","timestamp":"2023-08-07T19:41:56.795Z"}
{"level":"error","message":"/api/v1/template1/undefined Unknown column 'text13' in 'field list'","timestamp":"2023-08-07T19:41:58.252Z"}
{"level":"error","message":"/api/v1/template1/undefined Unknown column 'text13' in 'field list'","timestamp":"2023-08-07T19:41:58.467Z"}
{"level":"error","message":"/api/v1/template1/1 Unknown column 'text13' in 'field list'","timestamp":"2023-08-07T19:42:17.301Z"}
{"level":"error","message":"/api/v1/template1/1 Unknown column 'text13' in 'field list'","timestamp":"2023-08-07T19:42:17.527Z"}
{"level":"error","message":"/api/v1/template1/undefined Unknown column 'text13' in 'field list'","timestamp":"2023-08-07T19:42:18.074Z"}
{"level":"error","message":"/api/v1/template1/undefined Unknown column 'text13' in 'field list'","timestamp":"2023-08-07T19:42:18.295Z"}
{"level":"error","message":"/api/v1/template1/1 Unknown column 'text13' in 'field list'","timestamp":"2023-08-07T19:42:23.389Z"}
{"level":"error","message":"/api/v1/template1/1 Unknown column 'text13' in 'field list'","timestamp":"2023-08-07T19:42:23.617Z"}
{"level":"error","message":"/api/v1/template1/undefined Unknown column 'text13' in 'field list'","timestamp":"2023-08-07T19:42:25.503Z"}
{"level":"error","message":"/api/v1/template1/undefined Unknown column 'text13' in 'field list'","timestamp":"2023-08-07T19:42:25.511Z"}
{"level":"error","message":"/api/v1/template1/1 Unknown column 'text13' in 'field list'","timestamp":"2023-08-07T19:42:30.391Z"}
{"level":"error","message":"/api/v1/template1/1 Unknown column 'text13' in 'field list'","timestamp":"2023-08-07T19:42:30.624Z"}
{"level":"error","message":"/api/v1/template1/undefined Unknown column 'text13' in 'field list'","timestamp":"2023-08-07T19:42:33.340Z"}
{"level":"error","message":"/api/v1/template1/undefined Unknown column 'text13' in 'field list'","timestamp":"2023-08-07T19:42:33.342Z"}
{"level":"error","message":"/api/v1/template1/1 Unknown column 'text13' in 'field list'","timestamp":"2023-08-07T19:42:39.423Z"}
{"level":"error","message":"/api/v1/template1/1 Unknown column 'text13' in 'field list'","timestamp":"2023-08-07T19:42:39.677Z"}
{"level":"error","message":"/api/v1/template1/undefined Unknown column 'text13' in 'field list'","timestamp":"2023-08-07T19:42:42.508Z"}
{"level":"error","message":"/api/v1/template1/undefined Unknown column 'text13' in 'field list'","timestamp":"2023-08-07T19:42:43.030Z"}
{"level":"error","message":"/api/v1/template1/1 Unknown column 'text13' in 'field list'","timestamp":"2023-08-07T19:43:12.738Z"}
{"level":"error","message":"/api/v1/template1/undefined Unknown column 'text13' in 'field list'","timestamp":"2023-08-07T19:43:12.970Z"}
{"level":"error","message":"/api/v1/template1/undefined Unknown column 'text13' in 'field list'","timestamp":"2023-08-07T19:43:13.002Z"}
{"level":"error","message":"/api/v1/template1/1 Unknown column 'text13' in 'field list'","timestamp":"2023-08-07T19:43:13.191Z"}
{"level":"error","message":"/api/v1/template1/1 Unknown column 'text13' in 'field list'","timestamp":"2023-08-07T19:43:14.531Z"}
{"level":"error","message":"/api/v1/template1/1 Unknown column 'text13' in 'field list'","timestamp":"2023-08-07T19:43:14.773Z"}
{"level":"error","message":"/api/v1/template1/1 Unknown column 'text13' in 'field list'","timestamp":"2023-08-07T19:43:17.397Z"}
{"level":"error","message":"/api/v1/template1/1 Unknown column 'text13' in 'field list'","timestamp":"2023-08-07T19:43:17.658Z"}
{"level":"error","message":"/api/v1/template1/undefined Unknown column 'text13' in 'field list'","timestamp":"2023-08-07T19:43:22.646Z"}
{"level":"error","message":"/api/v1/template1/undefined Unknown column 'text13' in 'field list'","timestamp":"2023-08-07T19:43:22.647Z"}
{"level":"error","message":"/api/v1/template1/1 Unknown column 'text13' in 'field list'","timestamp":"2023-08-07T19:43:46.267Z"}
{"level":"error","message":"/api/v1/template1/1 Unknown column 'text13' in 'field list'","timestamp":"2023-08-07T19:43:46.553Z"}
{"level":"error","message":"/api/v1/template1/undefined Unknown column 'text13' in 'field list'","timestamp":"2023-08-07T19:43:47.996Z"}
{"level":"error","message":"/api/v1/template1/undefined Unknown column 'text13' in 'field list'","timestamp":"2023-08-07T19:43:48.216Z"}
{"level":"error","message":"/api/v1/template1/undefined Unknown column 'text13' in 'field list'","timestamp":"2023-08-07T19:43:54.559Z"}
{"level":"error","message":"/api/v1/template1/undefined Unknown column 'text13' in 'field list'","timestamp":"2023-08-07T19:43:54.561Z"}
{"level":"error","message":"/api/v1/template1/1 Unknown column 'text13' in 'field list'","timestamp":"2023-08-07T19:43:54.773Z"}
{"level":"error","message":"/api/v1/template1/1 Unknown column 'text13' in 'field list'","timestamp":"2023-08-07T19:43:54.992Z"}
{"level":"error","message":"/api/v1/template1/1 Unknown column 'text13' in 'field list'","timestamp":"2023-08-07T19:44:13.048Z"}
{"level":"error","message":"/api/v1/template1/1 Unknown column 'text13' in 'field list'","timestamp":"2023-08-07T19:44:13.276Z"}
{"level":"error","message":"/api/v1/template1/1 Unknown column 'text13' in 'field list'","timestamp":"2023-08-07T19:45:04.375Z"}
{"level":"error","message":"/api/v1/template1/1 Unknown column 'text13' in 'field list'","timestamp":"2023-08-07T19:45:04.608Z"}
{"level":"error","message":"/api/v1/template1/undefined Unknown column 'text13' in 'field list'","timestamp":"2023-08-07T19:46:09.919Z"}
{"level":"error","message":"/api/v1/template1/undefined Unknown column 'text13' in 'field list'","timestamp":"2023-08-07T19:46:09.998Z"}
{"level":"error","message":"/api/v1/template1/1 Unknown column 'text13' in 'field list'","timestamp":"2023-08-07T19:46:11.748Z"}
{"level":"error","message":"/api/v1/template1/1 Unknown column 'text13' in 'field list'","timestamp":"2023-08-07T19:46:11.981Z"}
{"level":"error","message":"/api/v1/template1/undefined Unknown column 'text13' in 'field list'","timestamp":"2023-08-07T19:46:17.845Z"}
{"level":"error","message":"/api/v1/template1/undefined Unknown column 'text13' in 'field list'","timestamp":"2023-08-07T19:46:17.858Z"}
{"level":"error","message":"/api/v1/template1 Cannot add or update a child row: a foreign key constraint fails (`invitation_db`.`template1s`, CONSTRAINT `template1s_ibfk_1` FOREIGN KEY (`usertblUserID`) REFERENCES `usertbls` (`User_ID`) ON DELETE SET NULL ON UPDATE CASCADE)","timestamp":"2023-08-07T19:46:42.103Z"}
{"level":"error","message":"/api/v1/template1/1 Unknown column 'text13' in 'field list'","timestamp":"2023-08-07T19:49:34.439Z"}
{"level":"error","message":"/api/v1/template1/1 Unknown column 'text13' in 'field list'","timestamp":"2023-08-07T19:49:34.659Z"}
{"level":"error","message":"/api/v1/template1/1 Unknown column 'text13' in 'field list'","timestamp":"2023-08-07T19:49:55.320Z"}
{"level":"error","message":"/api/v1/template1/1 Unknown column 'text13' in 'field list'","timestamp":"2023-08-07T19:49:55.545Z"}
{"level":"error","message":"/api/v1/template1/1 Unknown column 'text13' in 'field list'","timestamp":"2023-08-07T19:51:00.306Z"}
{"level":"error","message":"/api/v1/template1/1 Unknown column 'text13' in 'field list'","timestamp":"2023-08-07T19:51:00.528Z"}
{"level":"error","message":"/api/v1/template1/undefined Unknown column 'text13' in 'field list'","timestamp":"2023-08-07T19:51:00.939Z"}
{"level":"error","message":"/api/v1/template1/undefined Unknown column 'text13' in 'field list'","timestamp":"2023-08-07T19:51:01.154Z"}
{"level":"error","message":"/api/v1/template1/1 Unknown column 'text13' in 'field list'","timestamp":"2023-08-07T19:51:05.292Z"}
{"level":"error","message":"/api/v1/template1/1 Unknown column 'text13' in 'field list'","timestamp":"2023-08-07T19:51:05.510Z"}
{"level":"error","message":"/api/v1/template1/1 Unknown column 'text13' in 'field list'","timestamp":"2023-08-07T19:51:17.788Z"}
{"level":"error","message":"/api/v1/template1/1 Unknown column 'text13' in 'field list'","timestamp":"2023-08-07T19:51:18.017Z"}
{"level":"error","message":"/api/v1/template1/1 Unknown column 'text13' in 'field list'","timestamp":"2023-08-07T19:51:44.952Z"}
{"level":"error","message":"/api/v1/template1/1 Unknown column 'text13' in 'field list'","timestamp":"2023-08-07T19:53:35.341Z"}
{"level":"error","message":"/api/v1/template1/1 Unknown column 'text13' in 'field list'","timestamp":"2023-08-07T19:53:35.575Z"}
